0rgi8OfjvwKbA57IXVcE
1x2u5Ws7tzFRAgyqoJBV
30htxi8FRcmfUkInewlS
32r6nRhN1UCwtFTfy8ZG
3Bsqe5aIEWKZvOjXmox9
3HxWhP8eUNovuLEiS0VB
3r0swJ67FWm5HXDnjaIy
58kxhXouHzFd4g3rmInB
60vgAOVtBRdxTMisJw5X
6d0uJ9rYK1FcjRimvVNt
6GRw1oqBOEjgbYI093UA
6tfw0xSL2FNHOCJBdlaA
73cMCHeUwStZjy2VoQRm
7LCKOhHDaXRbcFwxdnz5
A7QialhFt2kLjBGXw5qI
a9oIzfw03ED4lTBCt52Y
bfpQVKGOUXwl4NaZAvhx
bRoM4EpjukSGXwAlZ6zn
BV5FwZi6DPO4UcgoG9h1
C1owXSDmBaq6hHzyGQJ3
cd2W8FxsrJDnOHZGEiet
cf4nzsoCmudt1kwleOTI
CkzJnxomRNpMBfeK8TDg
cMDuGY0R5UbhJNtkHnq9
d0iHC6ANYGon7myPFzBe
da3XhOZzQEbKVtLgMYWv
DALwrgpdQcolMWVBzb1t
dClSn1heupsZWENJzmxQ
DZFtMKSlYEdX9a3L8jf4
eDyLCi1EumNSnI5dqa3G
egnhwcvsVjWONCU8t2Ju
ErlsfYCZaD0tuLjSo8GM
EWjvFU5GXeSaHzxBh0f9
f4BqH0J1xLkYKI3TEQWm
F58JACMhQPSYrdxqBW2p
FkfjQ8g7dPxXi9nL3IRM
fqtA64LyDpER8nvrTslF
fRLS3aKkijp4GH0Ds6Pv
G54U96frYb2CLIOSpMyX
gYd81epFW6QfuBxAvILn
HaTioeY3kbvJW2LXtOwF
hS1lyzcapZusPmKUv34W
IeSLbp1rGWqQAvPX3T2j
IGE0k5g4oyYmOKiAZ1ut
IidxQvXrlBkWPZAfcqKT
ILTHy6snFQiapuxbXS7R
IwgVeC9qRbUkfE6Q3HTh
iWXubQ6nP23yTYH4lJxk
j3thgSImoFBZAPsrpaqT
j7z5IJT2XyD6lGASxcei
jERVLnaTwhHFrZbvNfCy
jzf91HDNIbFMPaKEmZvL
KCxI1ZA3oiEqc8Xe4MkO
KfQ58FVTkB9sb1i4u7zH
LEnDGzVIjHaqmrPMJyR0
LH5pzdDSPOtgIaBC1jWo